[2026-03-26 00:00:01 UTC] [NYC] No position to close.
[2026-03-26 11:00:01 UTC] [LONDON] BEARISH (shorts) | BUY>2151.36 SELL<2006.25 Range=145.11 SMA200=3127.73 Open=2078.80
[2026-03-26 16:00:02 UTC] [NYC] BEARISH (shorts) | BUY>2142.56 SELL<1997.44 Range=145.11 SMA200=3127.73 Open=2070.00
[2026-03-26 16:00:41 UTC] [LONDON] No breakout by 16:00.
[2026-03-26 20:00:01 UTC] [LONDON] No position to close.
[2026-03-26 20:00:34 UTC] [NYC] No breakout by 20:00.
[2026-03-27 00:00:01 UTC] [NYC] No position to close.
[2026-03-27 11:00:01 UTC] [LONDON] BEARISH (shorts) | BUY>2061.00 SELL<1923.14 Range=137.86 SMA200=3116.45 Open=1992.07
[2026-03-27 16:00:02 UTC] [NYC] BEARISH (shorts) | BUY>2060.00 SELL<1922.14 Range=137.86 SMA200=3116.45 Open=1991.07
[2026-03-27 16:00:52 UTC] [LONDON] No breakout by 16:00.
[2026-03-27 20:00:02 UTC] [LONDON] No position to close.
[2026-03-27 20:00:55 UTC] [NYC] No breakout by 20:00.
[2026-03-28 00:00:01 UTC] [NYC] No position to close.
[2026-03-28 11:00:02 UTC] [LONDON] BEARISH (shorts) | BUY>2095.57 SELL<1891.09 Range=204.49 SMA200=3104.86 Open=1993.33
[2026-03-28 16:00:01 UTC] [NYC] BEARISH (shorts) | BUY>2128.34 SELL<1923.86 Range=204.49 SMA200=3104.86 Open=2026.10
[2026-03-28 16:00:48 UTC] [LONDON] No breakout by 16:00.
[2026-03-28 20:00:01 UTC] [LONDON] No position to close.
[2026-03-28 20:00:51 UTC] [NYC] No breakout by 20:00.
[2026-03-29 00:00:01 UTC] [NYC] No position to close.
[2026-03-29 11:00:01 UTC] [LONDON] BEARISH (shorts) | BUY>2084.05 SELL<1906.29 Range=177.76 SMA200=3093.25 Open=1995.17
[2026-03-29 16:00:01 UTC] [NYC] BEARISH (shorts) | BUY>2083.49 SELL<1905.73 Range=177.76 SMA200=3093.25 Open=1994.61
[2026-03-29 16:00:55 UTC] [LONDON] No breakout by 16:00.
[2026-03-29 20:00:01 UTC] [LONDON] No position to close.
[2026-03-29 20:00:29 UTC] [NYC] No breakout by 20:00.
[2026-03-30 00:00:01 UTC] [NYC] No position to close.
[2026-03-30 11:00:01 UTC] [LONDON] BEARISH (shorts) | BUY>2098.02 SELL<2005.66 Range=92.35 SMA200=3081.40 Open=2051.84
[2026-03-30 16:00:01 UTC] [NYC] BEARISH (shorts) | BUY>2121.27 SELL<2028.91 Range=92.35 SMA200=3081.40 Open=2075.09
[2026-03-30 16:00:38 UTC] [LONDON] No breakout by 16:00.
[2026-03-30 19:04:26 UTC] SHORT ENTRY at $2028.07 (trigger $2028.91)
[2026-03-30 19:04:26 UTC] [NYC] SHORT $2000 @ $2028.07, Stop $2049.20, Risk $20.00
[2026-03-30 19:05:02 UTC] [NYC] SHORT Entry:$2028.07 Now:$2029.14 P&L:-0.05% Stop:$2049.20
[2026-03-30 19:10:01 UTC] [NYC] SHORT Entry:$2028.07 Now:$2024.01 P&L:+0.20% Stop:$2049.20
[2026-03-30 19:15:01 UTC] [NYC] SHORT Entry:$2028.07 Now:$2019.77 P&L:+0.41% Stop:$2049.20
[2026-03-30 19:20:01 UTC] [NYC] SHORT Entry:$2028.07 Now:$2019.20 P&L:+0.44% Stop:$2049.20
[2026-03-30 19:25:01 UTC] [NYC] SHORT Entry:$2028.07 Now:$2014.70 P&L:+0.66% Stop:$2049.20
[2026-03-30 19:30:01 UTC] [NYC] SHORT Entry:$2028.07 Now:$2015.61 P&L:+0.61% Stop:$2049.20
[2026-03-30 19:35:01 UTC] [NYC] SHORT Entry:$2028.07 Now:$2019.22 P&L:+0.44% Stop:$2049.20
[2026-03-30 19:40:01 UTC] [NYC] SHORT Entry:$2028.07 Now:$2019.29 P&L:+0.43% Stop:$2049.20
[2026-03-30 19:45:01 UTC] [NYC] SHORT Entry:$2028.07 Now:$2017.14 P&L:+0.54% Stop:$2049.20
[2026-03-30 19:50:01 UTC] [NYC] SHORT Entry:$2028.07 Now:$2019.95 P&L:+0.40% Stop:$2049.20
[2026-03-30 19:55:01 UTC] [NYC] SHORT Entry:$2028.07 Now:$2025.03 P&L:+0.15% Stop:$2049.20
[2026-03-30 20:00:01 UTC] [LONDON] No position to close.
[2026-03-30 20:00:01 UTC] [NYC] SHORT Entry:$2028.07 Now:$2026.63 P&L:+0.07% Stop:$2049.20
[2026-03-30 20:05:01 UTC] [NYC] SHORT Entry:$2028.07 Now:$2024.82 P&L:+0.16% Stop:$2049.20
[2026-03-30 20:10:01 UTC] [NYC] SHORT Entry:$2028.07 Now:$2024.82 P&L:+0.16% Stop:$2049.20
[2026-03-30 20:15:01 UTC] [NYC] SHORT Entry:$2028.07 Now:$2024.81 P&L:+0.16% Stop:$2049.20
[2026-03-30 20:20:01 UTC] [NYC] SHORT Entry:$2028.07 Now:$2024.81 P&L:+0.16% Stop:$2049.20
[2026-03-30 20:25:01 UTC] [NYC] SHORT Entry:$2028.07 Now:$2025.88 P&L:+0.11% Stop:$2049.20
[2026-03-30 20:30:01 UTC] [NYC] SHORT Entry:$2028.07 Now:$2025.88 P&L:+0.11% Stop:$2049.20
[2026-03-30 20:35:01 UTC] [NYC] SHORT Entry:$2028.07 Now:$2022.45 P&L:+0.28% Stop:$2049.20
[2026-03-30 20:40:01 UTC] [NYC] SHORT Entry:$2028.07 Now:$2022.45 P&L:+0.28% Stop:$2049.20
[2026-03-30 20:45:01 UTC] [NYC] SHORT Entry:$2028.07 Now:$2024.91 P&L:+0.16% Stop:$2049.20
[2026-03-30 20:50:01 UTC] [NYC] SHORT Entry:$2028.07 Now:$2024.65 P&L:+0.17% Stop:$2049.20
[2026-03-30 20:55:01 UTC] [NYC] SHORT Entry:$2028.07 Now:$2024.65 P&L:+0.17% Stop:$2049.20
[2026-03-30 21:00:01 UTC] [NYC] SHORT Entry:$2028.07 Now:$2024.65 P&L:+0.17% Stop:$2049.20
[2026-03-30 21:05:01 UTC] [NYC] SHORT Entry:$2028.07 Now:$2021.20 P&L:+0.34% Stop:$2049.20
[2026-03-30 21:10:01 UTC] [NYC] SHORT Entry:$2028.07 Now:$2026.00 P&L:+0.10% Stop:$2049.20
[2026-03-30 21:15:01 UTC] [NYC] SHORT Entry:$2028.07 Now:$2038.50 P&L:-0.51% Stop:$2049.20
[2026-03-30 21:20:01 UTC] [NYC] SHORT Entry:$2028.07 Now:$2037.07 P&L:-0.44% Stop:$2049.20
[2026-03-30 21:25:01 UTC] [NYC] SHORT Entry:$2028.07 Now:$2047.74 P&L:-0.97% Stop:$2049.20
[2026-03-30 21:30:01 UTC] [NYC] SHORT Entry:$2028.07 Now:$2041.40 P&L:-0.66% Stop:$2049.20
[2026-03-30 21:35:01 UTC] [NYC] SHORT Entry:$2028.07 Now:$2042.30 P&L:-0.70% Stop:$2049.20
[2026-03-30 21:40:01 UTC] [NYC] SHORT Entry:$2028.07 Now:$2043.08 P&L:-0.74% Stop:$2049.20
[2026-03-30 21:45:01 UTC] [NYC] SHORT Entry:$2028.07 Now:$2045.38 P&L:-0.85% Stop:$2049.20
[2026-03-30 21:50:01 UTC] [NYC] SHORT Entry:$2028.07 Now:$2042.34 P&L:-0.70% Stop:$2049.20
[2026-03-30 21:55:01 UTC] [NYC] SHORT Entry:$2028.07 Now:$2042.34 P&L:-0.70% Stop:$2049.20
[2026-03-30 22:00:01 UTC] [NYC] SHORT Entry:$2028.07 Now:$2036.57 P&L:-0.42% Stop:$2049.20
[2026-03-30 22:05:01 UTC] [NYC] SHORT Entry:$2028.07 Now:$2043.08 P&L:-0.74% Stop:$2049.20
[2026-03-30 22:10:01 UTC] [NYC] SHORT Entry:$2028.07 Now:$2035.43 P&L:-0.36% Stop:$2049.20
[2026-03-30 22:15:01 UTC] [NYC] SHORT Entry:$2028.07 Now:$2035.11 P&L:-0.35% Stop:$2049.20
[2026-03-30 22:20:01 UTC] [NYC] SHORT Entry:$2028.07 Now:$2036.08 P&L:-0.39% Stop:$2049.20
[2026-03-30 22:25:01 UTC] [NYC] SHORT Entry:$2028.07 Now:$2036.56 P&L:-0.42% Stop:$2049.20
[2026-03-30 22:30:01 UTC] [NYC] SHORT Entry:$2028.07 Now:$2035.82 P&L:-0.38% Stop:$2049.20
[2026-03-30 22:35:01 UTC] [NYC] SHORT Entry:$2028.07 Now:$2035.34 P&L:-0.36% Stop:$2049.20
[2026-03-30 22:40:01 UTC] [NYC] SHORT Entry:$2028.07 Now:$2036.01 P&L:-0.39% Stop:$2049.20
[2026-03-30 22:45:01 UTC] [NYC] SHORT Entry:$2028.07 Now:$2036.01 P&L:-0.39% Stop:$2049.20
[2026-03-30 22:50:01 UTC] [NYC] SHORT Entry:$2028.07 Now:$2029.96 P&L:-0.09% Stop:$2049.20
[2026-03-30 22:55:01 UTC] [NYC] SHORT Entry:$2028.07 Now:$2029.96 P&L:-0.09% Stop:$2049.20
[2026-03-30 23:00:01 UTC] [NYC] SHORT Entry:$2028.07 Now:$2033.19 P&L:-0.25% Stop:$2049.20
[2026-03-30 23:05:02 UTC] [NYC] SHORT Entry:$2028.07 Now:$2020.44 P&L:+0.38% Stop:$2049.20
[2026-03-30 23:10:01 UTC] [NYC] SHORT Entry:$2028.07 Now:$2016.92 P&L:+0.55% Stop:$2049.20
[2026-03-30 23:15:01 UTC] [NYC] SHORT Entry:$2028.07 Now:$2018.98 P&L:+0.45% Stop:$2049.20
[2026-03-30 23:20:01 UTC] [NYC] SHORT Entry:$2028.07 Now:$2021.83 P&L:+0.31% Stop:$2049.20
[2026-03-30 23:25:01 UTC] [NYC] SHORT Entry:$2028.07 Now:$2021.83 P&L:+0.31% Stop:$2049.20
[2026-03-30 23:30:01 UTC] [NYC] SHORT Entry:$2028.07 Now:$2024.87 P&L:+0.16% Stop:$2049.20
[2026-03-30 23:35:02 UTC] [NYC] SHORT Entry:$2028.07 Now:$2025.59 P&L:+0.12% Stop:$2049.20
[2026-03-30 23:40:01 UTC] [NYC] SHORT Entry:$2028.07 Now:$2025.79 P&L:+0.11% Stop:$2049.20
[2026-03-30 23:45:02 UTC] [NYC] SHORT Entry:$2028.07 Now:$2025.79 P&L:+0.11% Stop:$2049.20
[2026-03-30 23:50:01 UTC] [NYC] SHORT Entry:$2028.07 Now:$2025.79 P&L:+0.11% Stop:$2049.20
[2026-03-30 23:55:01 UTC] [NYC] SHORT Entry:$2028.07 Now:$2025.79 P&L:+0.11% Stop:$2049.20
[2026-03-31 00:00:01 UTC] [NYC] CLOSED SHORT TIME_EXIT: Exit $2025.79, P&L $+0.25 (+0.02%), Balance $1000.25
[2026-03-31 11:00:01 UTC] [LONDON] BEARISH (shorts) | BUY>2077.31 SELL<1976.73 Range=100.58 SMA200=3069.21 Open=2027.02
[2026-03-31 16:00:01 UTC] [NYC] BEARISH (shorts) | BUY>2110.93 SELL<2010.35 Range=100.58 SMA200=3069.21 Open=2060.64
[2026-03-31 16:00:30 UTC] [LONDON] No breakout by 16:00.
[2026-03-31 20:00:01 UTC] [LONDON] No position to close.
[2026-03-31 20:00:38 UTC] [NYC] No breakout by 20:00.
[2026-04-01 00:00:01 UTC] [NYC] No position to close.
[2026-04-01 11:00:02 UTC] [LONDON] BEARISH (shorts) | BUY>2215.62 SELL<2047.88 Range=167.75 SMA200=3056.27 Open=2131.75
[2026-04-01 16:00:02 UTC] [NYC] BEARISH (shorts) | BUY>2219.12 SELL<2051.38 Range=167.75 SMA200=3056.27 Open=2135.25
[2026-04-01 16:00:40 UTC] [LONDON] No breakout by 16:00.
[2026-04-01 20:00:01 UTC] [LONDON] No position to close.
[2026-04-01 20:00:37 UTC] [NYC] No breakout by 20:00.
